{"total": {"lines":{"total":105,"covered":103,"skipped":0,"pct":98.09},"statements":{"total":105,"covered":103,"skipped":0,"pct":98.09},"functions":{"total":5,"covered":5,"skipped":0,"pct":100},"branches":{"total":20,"covered":19,"skipped":0,"pct":95},"branchesTrue":{"total":0,"covered":0,"skipped":0,"pct":"Unknown"}}
,"/home/user/Bureau/TP1_devops/index.js": {"lines":{"total":25,"covered":25,"skipped":0,"pct":100},"functions":{"total":1,"covered":1,"skipped":0,"pct":100},"statements":{"total":25,"covered":25,"skipped":0,"pct":100},"branches":{"total":5,"covered":5,"skipped":0,"pct":100}}
,"/home/user/Bureau/TP1_devops/saver.js": {"lines":{"total":80,"covered":78,"skipped":0,"pct":97.5},"functions":{"total":4,"covered":4,"skipped":0,"pct":100},"statements":{"total":80,"covered":78,"skipped":0,"pct":97.5},"branches":{"total":15,"covered":14,"skipped":0,"pct":93.33}}
}
